<?xml version="1.0" encoding="UTF-8"?>
<testsuite xmlns:xsi="http://www.w3.org/2001/XMLSchema-instance" xsi:noNamespaceSchemaLocation="https://maven.apache.org/surefire/maven-surefire-plugin/xsd/surefire-test-report.xsd" name="TestSuite" time="41.281" tests="1" errors="0" skipped="0" failures="0">
  <properties>
    <property name="gopherProxySet" value="false"/>
    <property name="awt.toolkit" value="sun.lwawt.macosx.LWCToolkit"/>
    <property name="java.specification.version" value="11"/>
    <property name="sun.cpu.isalist" value=""/>
    <property name="sun.jnu.encoding" value="UTF-8"/>
    <property name="java.class.path" value="/Users/samuel/IdeaProjects/SeleniumCucumberBDD/target/test-classes:/Users/samuel/IdeaProjects/SeleniumCucumberBDD/target/classes:/Users/samuel/.m2/repository/org/aeonbits/owner/owner/1.0.12/owner-1.0.12.jar:/Users/samuel/.m2/repository/org/testng/testng/6.14.3/testng-6.14.3.jar:/Users/samuel/.m2/repository/com/beust/jcommander/1.72/jcommander-1.72.jar:/Users/samuel/.m2/repository/org/apache-extras/beanshell/bsh/2.0b6/bsh-2.0b6.jar:/Users/samuel/.m2/repository/io/cucumber/cucumber-java/4.8.0/cucumber-java-4.8.0.jar:/Users/samuel/.m2/repository/org/apiguardian/apiguardian-api/1.1.0/apiguardian-api-1.1.0.jar:/Users/samuel/.m2/repository/io/cucumber/cucumber-core/4.8.0/cucumber-core-4.8.0.jar:/Users/samuel/.m2/repository/io/cucumber/tag-expressions/1.1.1/tag-expressions-1.1.1.jar:/Users/samuel/.m2/repository/io/cucumber/cucumber-expressions/7.0.2/cucumber-expressions-7.0.2.jar:/Users/samuel/.m2/repository/io/cucumber/datatable/1.1.14/datatable-1.1.14.jar:/Users/samuel/.m2/repository/io/cucumber/datatable-dependencies/1.1.14/datatable-dependencies-1.1.14.jar:/Users/samuel/.m2/repository/io/cucumber/cucumber-picocontainer/4.8.0/cucumber-picocontainer-4.8.0.jar:/Users/samuel/.m2/repository/io/github/bonigarcia/webdrivermanager/3.6.0/webdrivermanager-3.6.0.jar:/Users/samuel/.m2/repository/org/slf4j/slf4j-api/1.7.25/slf4j-api-1.7.25.jar:/Users/samuel/.m2/repository/commons-io/commons-io/2.6/commons-io-2.6.jar:/Users/samuel/.m2/repository/com/google/code/gson/gson/2.8.5/gson-2.8.5.jar:/Users/samuel/.m2/repository/org/apache/commons/commons-lang3/3.8.1/commons-lang3-3.8.1.jar:/Users/samuel/.m2/repository/org/apache/httpcomponents/httpclient/4.5.6/httpclient-4.5.6.jar:/Users/samuel/.m2/repository/org/rauschig/jarchivelib/1.0.0/jarchivelib-1.0.0.jar:/Users/samuel/.m2/repository/org/apache/commons/commons-compress/1.18/commons-compress-1.18.jar:/Users/samuel/.m2/repository/org/jsoup/jsoup/1.11.3/jsoup-1.11.3.jar:/Users/samuel/.m2/repository/org/seleniumhq/selenium/selenium-java/3.14.0/selenium-java-3.14.0.jar:/Users/samuel/.m2/repository/org/seleniumhq/selenium/selenium-api/3.14.0/selenium-api-3.14.0.jar:/Users/samuel/.m2/repository/org/seleniumhq/selenium/selenium-chrome-driver/3.14.0/selenium-chrome-driver-3.14.0.jar:/Users/samuel/.m2/repository/org/seleniumhq/selenium/selenium-edge-driver/3.14.0/selenium-edge-driver-3.14.0.jar:/Users/samuel/.m2/repository/org/seleniumhq/selenium/selenium-firefox-driver/3.14.0/selenium-firefox-driver-3.14.0.jar:/Users/samuel/.m2/repository/org/seleniumhq/selenium/selenium-ie-driver/3.14.0/selenium-ie-driver-3.14.0.jar:/Users/samuel/.m2/repository/org/seleniumhq/selenium/selenium-opera-driver/3.14.0/selenium-opera-driver-3.14.0.jar:/Users/samuel/.m2/repository/org/seleniumhq/selenium/selenium-remote-driver/3.14.0/selenium-remote-driver-3.14.0.jar:/Users/samuel/.m2/repository/org/seleniumhq/selenium/selenium-safari-driver/3.14.0/selenium-safari-driver-3.14.0.jar:/Users/samuel/.m2/repository/org/seleniumhq/selenium/selenium-support/3.14.0/selenium-support-3.14.0.jar:/Users/samuel/.m2/repository/net/bytebuddy/byte-buddy/1.8.15/byte-buddy-1.8.15.jar:/Users/samuel/.m2/repository/org/apache/commons/commons-exec/1.3/commons-exec-1.3.jar:/Users/samuel/.m2/repository/commons-codec/commons-codec/1.10/commons-codec-1.10.jar:/Users/samuel/.m2/repository/commons-logging/commons-logging/1.2/commons-logging-1.2.jar:/Users/samuel/.m2/repository/com/google/guava/guava/25.0-jre/guava-25.0-jre.jar:/Users/samuel/.m2/repository/com/google/code/findbugs/jsr305/1.3.9/jsr305-1.3.9.jar:/Users/samuel/.m2/repository/org/checkerframework/checker-compat-qual/2.0.0/checker-compat-qual-2.0.0.jar:/Users/samuel/.m2/repository/com/google/errorprone/error_prone_annotations/2.1.3/error_prone_annotations-2.1.3.jar:/Users/samuel/.m2/repository/com/google/j2objc/j2objc-annotations/1.1/j2objc-annotations-1.1.jar:/Users/samuel/.m2/repository/org/codehaus/mojo/animal-sniffer-annotations/1.14/animal-sniffer-annotations-1.14.jar:/Users/samuel/.m2/repository/org/apache/httpcomponents/httpcore/4.4.9/httpcore-4.4.9.jar:/Users/samuel/.m2/repository/com/squareup/okhttp3/okhttp/3.10.0/okhttp-3.10.0.jar:/Users/samuel/.m2/repository/com/squareup/okio/okio/1.14.1/okio-1.14.1.jar:/Users/samuel/.m2/repository/io/qameta/allure/allure-cucumber4-jvm/2.12.1/allure-cucumber4-jvm-2.12.1.jar:/Users/samuel/.m2/repository/io/qameta/allure/allure-java-commons/2.12.1/allure-java-commons-2.12.1.jar:/Users/samuel/.m2/repository/io/qameta/allure/allure-model/2.12.1/allure-model-2.12.1.jar:/Users/samuel/.m2/repository/com/fasterxml/jackson/core/jackson-databind/2.9.8/jackson-databind-2.9.8.jar:/Users/samuel/.m2/repository/com/fasterxml/jackson/core/jackson-annotations/2.9.0/jackson-annotations-2.9.0.jar:/Users/samuel/.m2/repository/com/fasterxml/jackson/core/jackson-core/2.9.8/jackson-core-2.9.8.jar:/Users/samuel/.m2/repository/org/apache/tika/tika-core/1.20/tika-core-1.20.jar:/Users/samuel/.m2/repository/org/jooq/joor-java-8/0.9.10/joor-java-8-0.9.10.jar:/Users/samuel/.m2/repository/org/picocontainer/picocontainer/2.15/picocontainer-2.15.jar:/Users/samuel/.m2/repository/io/cucumber/gherkin/5.1.0/gherkin-5.1.0.jar:/Users/samuel/.m2/repository/io/cucumber/cucumber-jvm-deps/1.0.6/cucumber-jvm-deps-1.0.6.jar:/Users/samuel/.m2/repository/io/cucumber/cucumber-testng/4.8.0/cucumber-testng-4.8.0.jar:/Users/samuel/.m2/repository/log4j/log4j/1.2.17/log4j-1.2.17.jar:/Users/samuel/.m2/repository/org/slf4j/slf4j-log4j12/1.7.25/slf4j-log4j12-1.7.25.jar:/Users/samuel/.m2/repository/org/apache/maven/surefire/surefire-testng-utils/2.21.0/surefire-testng-utils-2.21.0.jar:/Users/samuel/.m2/repository/org/apache/maven/surefire/surefire-grouper/2.21.0/surefire-grouper-2.21.0.jar:"/>
    <property name="java.vm.vendor" value="Oracle Corporation"/>
    <property name="sun.arch.data.model" value="64"/>
    <property name="java.vendor.url" value="https://openjdk.java.net/"/>
    <property name="user.timezone" value=""/>
    <property name="java.vm.specification.version" value="11"/>
    <property name="os.name" value="Mac OS X"/>
    <property name="sun.java.launcher" value="SUN_STANDARD"/>
    <property name="user.country" value="GB"/>
    <property name="sun.boot.library.path" value="/Library/Java/JavaVirtualMachines/jdk-11.0.9.jdk/Contents/Home/lib"/>
    <property name="sun.java.command" value="/Users/samuel/IdeaProjects/SeleniumCucumberBDD/target/surefire/surefirebooter819567026727600955.jar /Users/samuel/IdeaProjects/SeleniumCucumberBDD/target/surefire 2021-04-09T17-26-40_017-jvmRun1 surefire2905937485349241720tmp surefire_07970133198923920604tmp"/>
    <property name="http.nonProxyHosts" value="local|*.local|169.254/16|*.169.254/16"/>
    <property name="jdk.debug" value="release"/>
    <property name="surefire.test.class.path" value="/Users/samuel/IdeaProjects/SeleniumCucumberBDD/target/test-classes:/Users/samuel/IdeaProjects/SeleniumCucumberBDD/target/classes:/Users/samuel/.m2/repository/org/aeonbits/owner/owner/1.0.12/owner-1.0.12.jar:/Users/samuel/.m2/repository/org/testng/testng/6.14.3/testng-6.14.3.jar:/Users/samuel/.m2/repository/com/beust/jcommander/1.72/jcommander-1.72.jar:/Users/samuel/.m2/repository/org/apache-extras/beanshell/bsh/2.0b6/bsh-2.0b6.jar:/Users/samuel/.m2/repository/io/cucumber/cucumber-java/4.8.0/cucumber-java-4.8.0.jar:/Users/samuel/.m2/repository/org/apiguardian/apiguardian-api/1.1.0/apiguardian-api-1.1.0.jar:/Users/samuel/.m2/repository/io/cucumber/cucumber-core/4.8.0/cucumber-core-4.8.0.jar:/Users/samuel/.m2/repository/io/cucumber/tag-expressions/1.1.1/tag-expressions-1.1.1.jar:/Users/samuel/.m2/repository/io/cucumber/cucumber-expressions/7.0.2/cucumber-expressions-7.0.2.jar:/Users/samuel/.m2/repository/io/cucumber/datatable/1.1.14/datatable-1.1.14.jar:/Users/samuel/.m2/repository/io/cucumber/datatable-dependencies/1.1.14/datatable-dependencies-1.1.14.jar:/Users/samuel/.m2/repository/io/cucumber/cucumber-picocontainer/4.8.0/cucumber-picocontainer-4.8.0.jar:/Users/samuel/.m2/repository/io/github/bonigarcia/webdrivermanager/3.6.0/webdrivermanager-3.6.0.jar:/Users/samuel/.m2/repository/org/slf4j/slf4j-api/1.7.25/slf4j-api-1.7.25.jar:/Users/samuel/.m2/repository/commons-io/commons-io/2.6/commons-io-2.6.jar:/Users/samuel/.m2/repository/com/google/code/gson/gson/2.8.5/gson-2.8.5.jar:/Users/samuel/.m2/repository/org/apache/commons/commons-lang3/3.8.1/commons-lang3-3.8.1.jar:/Users/samuel/.m2/repository/org/apache/httpcomponents/httpclient/4.5.6/httpclient-4.5.6.jar:/Users/samuel/.m2/repository/org/rauschig/jarchivelib/1.0.0/jarchivelib-1.0.0.jar:/Users/samuel/.m2/repository/org/apache/commons/commons-compress/1.18/commons-compress-1.18.jar:/Users/samuel/.m2/repository/org/jsoup/jsoup/1.11.3/jsoup-1.11.3.jar:/Users/samuel/.m2/repository/org/seleniumhq/selenium/selenium-java/3.14.0/selenium-java-3.14.0.jar:/Users/samuel/.m2/repository/org/seleniumhq/selenium/selenium-api/3.14.0/selenium-api-3.14.0.jar:/Users/samuel/.m2/repository/org/seleniumhq/selenium/selenium-chrome-driver/3.14.0/selenium-chrome-driver-3.14.0.jar:/Users/samuel/.m2/repository/org/seleniumhq/selenium/selenium-edge-driver/3.14.0/selenium-edge-driver-3.14.0.jar:/Users/samuel/.m2/repository/org/seleniumhq/selenium/selenium-firefox-driver/3.14.0/selenium-firefox-driver-3.14.0.jar:/Users/samuel/.m2/repository/org/seleniumhq/selenium/selenium-ie-driver/3.14.0/selenium-ie-driver-3.14.0.jar:/Users/samuel/.m2/repository/org/seleniumhq/selenium/selenium-opera-driver/3.14.0/selenium-opera-driver-3.14.0.jar:/Users/samuel/.m2/repository/org/seleniumhq/selenium/selenium-remote-driver/3.14.0/selenium-remote-driver-3.14.0.jar:/Users/samuel/.m2/repository/org/seleniumhq/selenium/selenium-safari-driver/3.14.0/selenium-safari-driver-3.14.0.jar:/Users/samuel/.m2/repository/org/seleniumhq/selenium/selenium-support/3.14.0/selenium-support-3.14.0.jar:/Users/samuel/.m2/repository/net/bytebuddy/byte-buddy/1.8.15/byte-buddy-1.8.15.jar:/Users/samuel/.m2/repository/org/apache/commons/commons-exec/1.3/commons-exec-1.3.jar:/Users/samuel/.m2/repository/commons-codec/commons-codec/1.10/commons-codec-1.10.jar:/Users/samuel/.m2/repository/commons-logging/commons-logging/1.2/commons-logging-1.2.jar:/Users/samuel/.m2/repository/com/google/guava/guava/25.0-jre/guava-25.0-jre.jar:/Users/samuel/.m2/repository/com/google/code/findbugs/jsr305/1.3.9/jsr305-1.3.9.jar:/Users/samuel/.m2/repository/org/checkerframework/checker-compat-qual/2.0.0/checker-compat-qual-2.0.0.jar:/Users/samuel/.m2/repository/com/google/errorprone/error_prone_annotations/2.1.3/error_prone_annotations-2.1.3.jar:/Users/samuel/.m2/repository/com/google/j2objc/j2objc-annotations/1.1/j2objc-annotations-1.1.jar:/Users/samuel/.m2/repository/org/codehaus/mojo/animal-sniffer-annotations/1.14/animal-sniffer-annotations-1.14.jar:/Users/samuel/.m2/repository/org/apache/httpcomponents/httpcore/4.4.9/httpcore-4.4.9.jar:/Users/samuel/.m2/repository/com/squareup/okhttp3/okhttp/3.10.0/okhttp-3.10.0.jar:/Users/samuel/.m2/repository/com/squareup/okio/okio/1.14.1/okio-1.14.1.jar:/Users/samuel/.m2/repository/io/qameta/allure/allure-cucumber4-jvm/2.12.1/allure-cucumber4-jvm-2.12.1.jar:/Users/samuel/.m2/repository/io/qameta/allure/allure-java-commons/2.12.1/allure-java-commons-2.12.1.jar:/Users/samuel/.m2/repository/io/qameta/allure/allure-model/2.12.1/allure-model-2.12.1.jar:/Users/samuel/.m2/repository/com/fasterxml/jackson/core/jackson-databind/2.9.8/jackson-databind-2.9.8.jar:/Users/samuel/.m2/repository/com/fasterxml/jackson/core/jackson-annotations/2.9.0/jackson-annotations-2.9.0.jar:/Users/samuel/.m2/repository/com/fasterxml/jackson/core/jackson-core/2.9.8/jackson-core-2.9.8.jar:/Users/samuel/.m2/repository/org/apache/tika/tika-core/1.20/tika-core-1.20.jar:/Users/samuel/.m2/repository/org/jooq/joor-java-8/0.9.10/joor-java-8-0.9.10.jar:/Users/samuel/.m2/repository/org/picocontainer/picocontainer/2.15/picocontainer-2.15.jar:/Users/samuel/.m2/repository/io/cucumber/gherkin/5.1.0/gherkin-5.1.0.jar:/Users/samuel/.m2/repository/io/cucumber/cucumber-jvm-deps/1.0.6/cucumber-jvm-deps-1.0.6.jar:/Users/samuel/.m2/repository/io/cucumber/cucumber-testng/4.8.0/cucumber-testng-4.8.0.jar:/Users/samuel/.m2/repository/log4j/log4j/1.2.17/log4j-1.2.17.jar:/Users/samuel/.m2/repository/org/slf4j/slf4j-log4j12/1.7.25/slf4j-log4j12-1.7.25.jar:/Users/samuel/.m2/repository/org/apache/maven/surefire/surefire-testng-utils/2.21.0/surefire-testng-utils-2.21.0.jar:/Users/samuel/.m2/repository/org/apache/maven/surefire/surefire-grouper/2.21.0/surefire-grouper-2.21.0.jar:"/>
    <property name="sun.cpu.endian" value="little"/>
    <property name="user.home" value="/Users/samuel"/>
    <property name="user.language" value="en"/>
    <property name="java.specification.vendor" value="Oracle Corporation"/>
    <property name="java.version.date" value="2020-10-20"/>
    <property name="java.home" value="/Library/Java/JavaVirtualMachines/jdk-11.0.9.jdk/Contents/Home"/>
    <property name="file.separator" value="/"/>
    <property name="basedir" value="/Users/samuel/IdeaProjects/SeleniumCucumberBDD"/>
    <property name="java.vm.compressedOopsMode" value="Zero based"/>
    <property name="line.separator" value="&#10;"/>
    <property name="java.specification.name" value="Java Platform API Specification"/>
    <property name="java.vm.specification.vendor" value="Oracle Corporation"/>
    <property name="java.awt.graphicsenv" value="sun.awt.CGraphicsEnvironment"/>
    <property name="surefire.real.class.path" value="/Users/samuel/IdeaProjects/SeleniumCucumberBDD/target/surefire/surefirebooter819567026727600955.jar"/>
    <property name="sun.management.compiler" value="HotSpot 64-Bit Tiered Compilers"/>
    <property name="ftp.nonProxyHosts" value="local|*.local|169.254/16|*.169.254/16"/>
    <property name="java.runtime.version" value="11.0.9+7-LTS"/>
    <property name="user.name" value="samuel"/>
    <property name="path.separator" value=":"/>
    <property name="os.version" value="10.15.6"/>
    <property name="java.runtime.name" value="Java(TM) SE Runtime Environment"/>
    <property name="file.encoding" value="UTF-8"/>
    <property name="java.vm.name" value="Java HotSpot(TM) 64-Bit Server VM"/>
    <property name="java.vendor.version" value="18.9"/>
    <property name="localRepository" value="/Users/samuel/.m2/repository"/>
    <property name="java.vendor.url.bug" value="https://bugreport.java.com/bugreport/"/>
    <property name="java.io.tmpdir" value="/var/folders/hg/2nzy44_j6pz7rp791mwnd9bc0000gn/T/"/>
    <property name="java.version" value="11.0.9"/>
    <property name="user.dir" value="/Users/samuel/IdeaProjects/SeleniumCucumberBDD"/>
    <property name="os.arch" value="x86_64"/>
    <property name="java.vm.specification.name" value="Java Virtual Machine Specification"/>
    <property name="java.awt.printerjob" value="sun.lwawt.macosx.CPrinterJob"/>
    <property name="sun.os.patch.level" value="unknown"/>
    <property name="java.library.path" value="/Users/samuel/Library/Java/Extensions:/Library/Java/Extensions:/Network/Library/Java/Extensions:/System/Library/Java/Extensions:/usr/lib/java:."/>
    <property name="java.vendor" value="Oracle Corporation"/>
    <property name="java.vm.info" value="mixed mode"/>
    <property name="java.vm.version" value="11.0.9+7-LTS"/>
    <property name="sun.io.unicode.encoding" value="UnicodeBig"/>
    <property name="java.class.version" value="55.0"/>
    <property name="socksNonProxyHosts" value="local|*.local|169.254/16|*.169.254/16"/>
  </properties>
  <testcase name="feature" classname="Runner.TestNgCucumberScenarioRunner" time="39.362"/>
</testsuite>