<?xml version="1.0" encoding="UTF-8"?>
<!-- Generated by org.testng.reporters.JUnitReportReporter -->
<testsuite hostname="Rajas-MacBook-Air.local" failures="0" tests="1" name="Runner.TestNgCucumberScenarioRunner" time="39.359" errors="0" timestamp="09 Apr 2021 11:57:29 GMT" skipped="0">
  <testcase classname="Runner.TestNgCucumberScenarioRunner" name="feature" time="39.359"/>
</testsuite> <!-- Runner.TestNgCucumberScenarioRunner -->
